  main.cpp
C:\Users\lokhm\OneDrive\Desktop\Sort\main.cpp(126,48): warning C4244: аргумент: преобразование "int" в "T", возможна потеря данных
C:\Users\lokhm\OneDrive\Desktop\Sort\main.cpp(126,48): warning C4244:         with
C:\Users\lokhm\OneDrive\Desktop\Sort\main.cpp(126,48): warning C4244:         [
C:\Users\lokhm\OneDrive\Desktop\Sort\main.cpp(126,48): warning C4244:             T=float
C:\Users\lokhm\OneDrive\Desktop\Sort\main.cpp(126,48): warning C4244:         ]
C:\Users\lokhm\OneDrive\Desktop\Sort\main.cpp(126,34): warning C4244: аргумент: преобразование "int" в "T", возможна потеря данных
C:\Users\lokhm\OneDrive\Desktop\Sort\main.cpp(126,34): warning C4244:         with
C:\Users\lokhm\OneDrive\Desktop\Sort\main.cpp(126,34): warning C4244:         [
C:\Users\lokhm\OneDrive\Desktop\Sort\main.cpp(126,34): warning C4244:             T=float
C:\Users\lokhm\OneDrive\Desktop\Sort\main.cpp(126,34): warning C4244:         ]
C:\Users\lokhm\OneDrive\Desktop\Sort\main.cpp(136,41): warning C4244: аргумент: преобразование "int" в "T", возможна потеря данных
C:\Users\lokhm\OneDrive\Desktop\Sort\main.cpp(136,41): warning C4244:         with
C:\Users\lokhm\OneDrive\Desktop\Sort\main.cpp(136,41): warning C4244:         [
C:\Users\lokhm\OneDrive\Desktop\Sort\main.cpp(136,41): warning C4244:             T=float
C:\Users\lokhm\OneDrive\Desktop\Sort\main.cpp(136,41): warning C4244:         ]
C:\Users\lokhm\OneDrive\Desktop\Sort\main.cpp(137,36): warning C4244: аргумент: преобразование "int" в "T", возможна потеря данных
C:\Users\lokhm\OneDrive\Desktop\Sort\main.cpp(137,36): warning C4244:         with
C:\Users\lokhm\OneDrive\Desktop\Sort\main.cpp(137,36): warning C4244:         [
C:\Users\lokhm\OneDrive\Desktop\Sort\main.cpp(137,36): warning C4244:             T=float
C:\Users\lokhm\OneDrive\Desktop\Sort\main.cpp(137,36): warning C4244:         ]
C:\Users\lokhm\OneDrive\Desktop\Sort\main.cpp(146,41): warning C4244: аргумент: преобразование "int" в "T", возможна потеря данных
C:\Users\lokhm\OneDrive\Desktop\Sort\main.cpp(146,41): warning C4244:         with
C:\Users\lokhm\OneDrive\Desktop\Sort\main.cpp(146,41): warning C4244:         [
C:\Users\lokhm\OneDrive\Desktop\Sort\main.cpp(146,41): warning C4244:             T=float
C:\Users\lokhm\OneDrive\Desktop\Sort\main.cpp(146,41): warning C4244:         ]
C:\Users\lokhm\OneDrive\Desktop\Sort\main.cpp(147,37): warning C4244: аргумент: преобразование "int" в "T", возможна потеря данных
C:\Users\lokhm\OneDrive\Desktop\Sort\main.cpp(147,37): warning C4244:         with
C:\Users\lokhm\OneDrive\Desktop\Sort\main.cpp(147,37): warning C4244:         [
C:\Users\lokhm\OneDrive\Desktop\Sort\main.cpp(147,37): warning C4244:             T=float
C:\Users\lokhm\OneDrive\Desktop\Sort\main.cpp(147,37): warning C4244:         ]
  Sort.vcxproj -> C:\Users\lokhm\OneDrive\Desktop\Sort\Debug\Sort.exe
