  main.cpp
C:\Users\lokhm\OneDrive\Desktop\Sort\main.cpp(51,15): warning C4244: аргумент: преобразование "time_t" в "unsigned int", возможна потеря данных
C:\Users\lokhm\OneDrive\Desktop\Sort\main.cpp(69,28): warning C4305: инициализация: усечение из "double" в "float"
C:\Users\lokhm\OneDrive\Desktop\Sort\main.cpp(78,17): warning C4305: +=: усечение из "double" в "float"
C:\Users\lokhm\OneDrive\Desktop\Sort\main.cpp(177,53): warning C4244: аргумент: преобразование "int" в "float", возможна потеря данных
C:\Users\lokhm\OneDrive\Desktop\Sort\main.cpp(177,37): warning C4244: аргумент: преобразование "int" в "float", возможна потеря данных
C:\Users\lokhm\OneDrive\Desktop\Sort\main.cpp(180,53): warning C4244: аргумент: преобразование "int" в "float", возможна потеря данных
C:\Users\lokhm\OneDrive\Desktop\Sort\main.cpp(180,37): warning C4244: аргумент: преобразование "int" в "float", возможна потеря данных
C:\Users\lokhm\OneDrive\Desktop\Sort\main.cpp(183,53): warning C4244: аргумент: преобразование "int" в "float", возможна потеря данных
C:\Users\lokhm\OneDrive\Desktop\Sort\main.cpp(183,37): warning C4244: аргумент: преобразование "int" в "float", возможна потеря данных
C:\Users\lokhm\OneDrive\Desktop\Sort\main.cpp(186,53): warning C4244: аргумент: преобразование "int" в "float", возможна потеря данных
C:\Users\lokhm\OneDrive\Desktop\Sort\main.cpp(186,37): warning C4244: аргумент: преобразование "int" в "float", возможна потеря данных
C:\Users\lokhm\OneDrive\Desktop\Sort\main.cpp(189,54): warning C4244: аргумент: преобразование "int" в "float", возможна потеря данных
C:\Users\lokhm\OneDrive\Desktop\Sort\main.cpp(189,37): warning C4244: аргумент: преобразование "int" в "float", возможна потеря данных
C:\Users\lokhm\OneDrive\Desktop\Sort\main.cpp(192,54): warning C4244: аргумент: преобразование "int" в "float", возможна потеря данных
C:\Users\lokhm\OneDrive\Desktop\Sort\main.cpp(192,37): warning C4244: аргумент: преобразование "int" в "float", возможна потеря данных
C:\Users\lokhm\OneDrive\Desktop\Sort\main.cpp(195,54): warning C4244: аргумент: преобразование "int" в "float", возможна потеря данных
C:\Users\lokhm\OneDrive\Desktop\Sort\main.cpp(195,37): warning C4244: аргумент: преобразование "int" в "float", возможна потеря данных
C:\Users\lokhm\OneDrive\Desktop\Sort\main.cpp(198,54): warning C4244: аргумент: преобразование "int" в "float", возможна потеря данных
C:\Users\lokhm\OneDrive\Desktop\Sort\main.cpp(198,37): warning C4244: аргумент: преобразование "int" в "float", возможна потеря данных
C:\Users\lokhm\OneDrive\Desktop\Sort\main.cpp(219,53): warning C4244: аргумент: преобразование "int" в "float", возможна потеря данных
C:\Users\lokhm\OneDrive\Desktop\Sort\main.cpp(219,37): warning C4244: аргумент: преобразование "int" в "float", возможна потеря данных
C:\Users\lokhm\OneDrive\Desktop\Sort\main.cpp(225,65): warning C4244: аргумент: преобразование "int" в "float", возможна потеря данных
C:\Users\lokhm\OneDrive\Desktop\Sort\main.cpp(225,41): warning C4244: аргумент: преобразование "int" в "float", возможна потеря данных
main.obj : error LNK2019: ссылка на неразрешенный внешний символ "__declspec(dllimport) public: float __cdecl sf::Time::asSeconds(void)const " (__imp_?asSeconds@Time@sf@@QEBAMXZ) в функции main.
main.obj : error LNK2019: ссылка на неразрешенный внешний символ "__declspec(dllimport) public: __cdecl sf::Clock::Clock(void)" (__imp_??0Clock@sf@@QEAA@XZ) в функции main.
main.obj : error LNK2019: ссылка на неразрешенный внешний символ "__declspec(dllimport) public: class sf::Time __cdecl sf::Clock::getElapsedTime(void)const " (__imp_?getElapsedTime@Clock@sf@@QEBA?AVTime@2@XZ) в функции main.
main.obj : error LNK2019: ссылка на неразрешенный внешний символ "__declspec(dllimport) public: class sf::Time __cdecl sf::Clock::restart(void)" (__imp_?restart@Clock@sf@@QEAA?AVTime@2@XZ) в функции main.
main.obj : error LNK2019: ссылка на неразрешенный внешний символ "__declspec(dllimport) public: __cdecl sf::String::String(char const *,class std::locale const &)" (__imp_??0String@sf@@QEAA@PEBDAEBVlocale@std@@@Z) в функции main.
main.obj : error LNK2019: ссылка на неразрешенный внешний символ "__declspec(dllimport) public: __cdecl sf::String::~String(void)" (__imp_??1String@sf@@QEAA@XZ) в функции main.
main.obj : error LNK2019: ссылка на неразрешенный внешний символ "__declspec(dllimport) public: __cdecl sf::VideoMode::VideoMode(unsigned int,unsigned int,unsigned int)" (__imp_??0VideoMode@sf@@QEAA@III@Z) в функции main.
main.obj : error LNK2019: ссылка на неразрешенный внешний символ "__declspec(dllimport) public: void __cdecl sf::Window::close(void)" (__imp_?close@Window@sf@@QEAAXXZ) в функции main.
main.obj : error LNK2019: ссылка на неразрешенный внешний символ "__declspec(dllimport) public: bool __cdecl sf::Window::isOpen(void)const " (__imp_?isOpen@Window@sf@@QEBA_NXZ) в функции main.
main.obj : error LNK2019: ссылка на неразрешенный внешний символ "__declspec(dllimport) public: bool __cdecl sf::Window::pollEvent(class sf::Event &)" (__imp_?pollEvent@Window@sf@@QEAA_NAEAVEvent@2@@Z) в функции main.
main.obj : error LNK2019: ссылка на неразрешенный внешний символ "__declspec(dllimport) public: void __cdecl sf::Window::display(void)" (__imp_?display@Window@sf@@QEAAXXZ) в функции main.
main.obj : error LNK2019: ссылка на неразрешенный внешний символ "__declspec(dllimport) public: void __cdecl sf::Transformable::setPosition(float,float)" (__imp_?setPosition@Transformable@sf@@QEAAXMM@Z) в функции main.
main.obj : error LNK2019: ссылка на неразрешенный внешний символ "__declspec(dllimport) public: __cdecl sf::Texture::Texture(void)" (__imp_??0Texture@sf@@QEAA@XZ) в функции main.
main.obj : error LNK2019: ссылка на неразрешенный внешний символ "__declspec(dllimport) public: __cdecl sf::Texture::~Texture(void)" (__imp_??1Texture@sf@@QEAA@XZ) в функции main.
main.obj : error LNK2019: ссылка на неразрешенный внешний символ "__declspec(dllimport) public: bool __cdecl sf::Texture::loadFromFile(class std::basic_string<char,struct std::char_traits<char>,class std::allocator<char> > const &,class sf::Rect<int> const &)" (__imp_?loadFromFile@Texture@sf@@QEAA_NAEBV?$basic_string@DU?$char_traits@D@std@@V?$allocator@D@2@@std@@AEBV?$Rect@H@2@@Z) в функции main.
main.obj : error LNK2019: ссылка на неразрешенный внешний символ "__declspec(dllimport) public: void __cdecl sf::RenderTarget::clear(class sf::Color const &)" (__imp_?clear@RenderTarget@sf@@QEAAXAEBVColor@2@@Z) в функции main.
main.obj : error LNK2019: ссылка на неразрешенный внешний символ "__declspec(dllimport) public: void __cdecl sf::RenderTarget::draw(class sf::Drawable const &,class sf::RenderStates const &)" (__imp_?draw@RenderTarget@sf@@QEAAXAEBVDrawable@2@AEBVRenderStates@2@@Z) в функции main.
main.obj : error LNK2019: ссылка на неразрешенный внешний символ "__declspec(dllimport) public: __cdecl sf::RenderWindow::RenderWindow(class sf::VideoMode,class sf::String const &,unsigned int,struct sf::ContextSettings const &)" (__imp_??0RenderWindow@sf@@QEAA@VVideoMode@1@AEBVString@1@IAEBUContextSettings@1@@Z) в функции main.
main.obj : error LNK2019: ссылка на неразрешенный внешний символ "__declspec(dllimport) public: virtual __cdecl sf::RenderWindow::~RenderWindow(void)" (__imp_??1RenderWindow@sf@@UEAA@XZ) в функции main.
main.obj : error LNK2019: ссылка на неразрешенный внешний символ "__declspec(dllimport) public: __cdecl sf::Sprite::Sprite(class sf::Texture const &)" (__imp_??0Sprite@sf@@QEAA@AEBVTexture@1@@Z) в функции main.
main.obj : error LNK2019: ссылка на неразрешенный внешний символ "__declspec(dllimport) public: void __cdecl sf::Sprite::setTextureRect(class sf::Rect<int> const &)" (__imp_?setTextureRect@Sprite@sf@@QEAAXAEBV?$Rect@H@2@@Z) в функции main.
main.obj : error LNK2019: ссылка на неразрешенный внешний символ "__declspec(dllimport) public: virtual __cdecl sf::Sprite::~Sprite(void)" (__imp_??1Sprite@sf@@UEAA@XZ) в функции main.
main.obj : error LNK2019: ссылка на неразрешенный внешний символ "__declspec(dllimport) public: static class sf::RenderStates const sf::RenderStates::Default" (__imp_?Default@RenderStates@sf@@2V12@B) в функции main.
main.obj : error LNK2019: ссылка на неразрешенный внешний символ "__declspec(dllimport) public: static class sf::Color const sf::Color::Black" (__imp_?Black@Color@sf@@2V12@B) в функции main.
C:\Users\lokhm\OneDrive\Desktop\SFM\lib\sfml-graphics-d.lib : warning LNK4272: тип компьютера библиотеки "x86" конфликтует с типом целевого компьютера "x64"
C:\Users\lokhm\OneDrive\Desktop\SFM\lib\sfml-window-d.lib : warning LNK4272: тип компьютера библиотеки "x86" конфликтует с типом целевого компьютера "x64"
C:\Users\lokhm\OneDrive\Desktop\SFM\lib\sfml-audio-d.lib : warning LNK4272: тип компьютера библиотеки "x86" конфликтует с типом целевого компьютера "x64"
C:\Users\lokhm\OneDrive\Desktop\SFM\lib\sfml-system-d.lib : warning LNK4272: тип компьютера библиотеки "x86" конфликтует с типом целевого компьютера "x64"
C:\Users\lokhm\OneDrive\Desktop\Sort\x64\Debug\Sort.exe : fatal error LNK1120: неразрешенных внешних элементов: 24
